2023-03-16 12:31:13.159 [main] INFO  c.s.excel_work.ExcelWorkApplication - Starting ExcelWorkApplication using Java 17.0.1 with PID 1552 (D:\B2B\excel_work\target\classes started by himavanthp in D:\B2B\excel_work)
2023-03-16 12:31:13.163 [main] INFO  c.s.excel_work.ExcelWorkApplication - No active profile set, falling back to 1 default profile: "default"
2023-03-16 12:31:14.251 [main] INFO  o.s.d.r.c.RepositoryConfigurationDelegate - Bootstrapping Spring Data JPA repositories in DEFAULT mode.
2023-03-16 12:31:14.351 [main] INFO  o.s.d.r.c.RepositoryConfigurationDelegate - Finished Spring Data repository scanning in 80 ms. Found 2 JPA repository interfaces.
2023-03-16 12:31:15.325 [main] INFO  o.s.b.w.e.tomcat.TomcatWebServer - Tomcat initialized with port(s): 9090 (http)
2023-03-16 12:31:15.337 [main] INFO  o.a.catalina.core.StandardService - Starting service [Tomcat]
2023-03-16 12:31:15.338 [main] INFO  o.a.catalina.core.StandardEngine - Starting Servlet engine: [Apache Tomcat/10.1.5]
2023-03-16 12:31:15.502 [main] INFO  o.a.c.c.C.[Tomcat].[localhost].[/] - Initializing Spring embedded WebApplicationContext
2023-03-16 12:31:15.503 [main] INFO  o.s.b.w.s.c.ServletWebServerApplicationContext - Root WebApplicationContext: initialization completed in 2270 ms
2023-03-16 12:31:15.721 [main] INFO  o.h.jpa.internal.util.LogHelper - HHH000204: Processing PersistenceUnitInfo [name: default]
2023-03-16 12:31:15.780 [main] INFO  org.hibernate.Version - HHH000412: Hibernate ORM core version 6.1.7.Final
2023-03-16 12:31:16.180 [main] INFO  com.zaxxer.hikari.HikariDataSource - HikariPool-1 - Starting...
2023-03-16 12:31:16.440 [main] INFO  com.zaxxer.hikari.pool.HikariPool - HikariPool-1 - Added connection com.mysql.cj.jdbc.ConnectionImpl@3869a6e5
2023-03-16 12:31:16.443 [main] INFO  com.zaxxer.hikari.HikariDataSource - HikariPool-1 - Start completed.
2023-03-16 12:31:16.511 [main] INFO  SQL dialect - HHH000400: Using dialect: org.hibernate.dialect.MySQLDialect
2023-03-16 12:31:17.567 [main] INFO  o.h.e.t.j.p.i.JtaPlatformInitiator - HHH000490: Using JtaPlatform implementation: [org.hibernate.engine.transaction.jta.platform.internal.NoJtaPlatform]
2023-03-16 12:31:17.578 [main] INFO  o.s.o.j.LocalContainerEntityManagerFactoryBean - Initialized JPA EntityManagerFactory for persistence unit 'default'
2023-03-16 12:31:17.992 [main] WARN  o.s.b.a.o.j.JpaBaseConfiguration$JpaWebConfiguration - spring.jpa.open-in-view is enabled by default. Therefore, database queries may be performed during view rendering. Explicitly configure spring.jpa.open-in-view to disable this warning
2023-03-16 12:31:19.431 [main] INFO  o.s.b.w.e.tomcat.TomcatWebServer - Tomcat started on port(s): 9090 (http) with context path ''
2023-03-16 12:31:19.442 [main] INFO  c.s.excel_work.ExcelWorkApplication - Started ExcelWorkApplication in 7.014 seconds (process running for 7.649)
2023-03-16 12:31:31.747 [http-nio-9090-exec-2] INFO  o.a.c.c.C.[Tomcat].[localhost].[/] - Initializing Spring DispatcherServlet 'dispatcherServlet'
2023-03-16 12:31:31.747 [http-nio-9090-exec-2] INFO  o.s.web.servlet.DispatcherServlet - Initializing Servlet 'dispatcherServlet'
2023-03-16 12:31:31.749 [http-nio-9090-exec-2] INFO  o.s.web.servlet.DispatcherServlet - Completed initialization in 1 ms
2023-03-16 12:31:32.505 [http-nio-9090-exec-2] INFO  c.s.e.s.s.FileServiceImpl - Blank cell
2023-03-16 12:31:32.508 [http-nio-9090-exec-2] INFO  c.s.e.s.s.FileServiceImpl - Blank cell
2023-03-16 12:31:32.508 [http-nio-9090-exec-2] INFO  c.s.e.s.s.FileServiceImpl - Blank cell
2023-03-16 12:31:32.509 [http-nio-9090-exec-2] INFO  c.s.e.s.s.FileServiceImpl - Blank cell
2023-03-16 12:31:32.509 [http-nio-9090-exec-2] INFO  c.s.e.s.s.FileServiceImpl - Blank cell
2023-03-16 12:31:32.509 [http-nio-9090-exec-2] INFO  c.s.e.s.s.FileServiceImpl - Blank cell
2023-03-16 12:31:32.509 [http-nio-9090-exec-2] INFO  c.s.e.s.s.FileServiceImpl - Blank cell
2023-03-16 12:31:32.509 [http-nio-9090-exec-2] INFO  c.s.e.s.s.FileServiceImpl - Blank cell
2023-03-16 12:31:32.509 [http-nio-9090-exec-2] INFO  c.s.e.s.s.FileServiceImpl - Blank cell
2023-03-16 12:31:32.510 [http-nio-9090-exec-2] INFO  c.s.e.s.s.FileServiceImpl - Blank cell
2023-03-16 12:31:32.510 [http-nio-9090-exec-2] INFO  c.s.e.s.s.FileServiceImpl - Blank cell
2023-03-16 12:31:32.510 [http-nio-9090-exec-2] INFO  c.s.e.s.s.FileServiceImpl - Blank cell
2023-03-16 12:31:32.510 [http-nio-9090-exec-2] INFO  c.s.e.s.s.FileServiceImpl - Blank cell
2023-03-16 12:31:32.510 [http-nio-9090-exec-2] INFO  c.s.e.s.s.FileServiceImpl - Blank cell
2023-03-16 12:31:32.511 [http-nio-9090-exec-2] INFO  c.s.e.s.s.FileServiceImpl - Blank cell
2023-03-16 12:31:32.513 [http-nio-9090-exec-2] INFO  c.s.e.s.s.FileServiceImpl - Blank cell
2023-03-16 12:31:32.514 [http-nio-9090-exec-2] INFO  c.s.e.s.s.FileServiceImpl - Blank cell
2023-03-16 12:31:32.514 [http-nio-9090-exec-2] INFO  c.s.e.s.s.FileServiceImpl - Blank cell
2023-03-16 12:31:32.514 [http-nio-9090-exec-2] INFO  c.s.e.s.s.FileServiceImpl - Blank cell
2023-03-16 12:31:32.514 [http-nio-9090-exec-2] INFO  c.s.e.s.s.FileServiceImpl - Blank cell
2023-03-16 12:31:32.514 [http-nio-9090-exec-2] INFO  c.s.e.s.s.FileServiceImpl - Blank cell
2023-03-16 12:31:32.515 [http-nio-9090-exec-2] INFO  c.s.e.s.s.FileServiceImpl - Blank cell
2023-03-16 12:31:32.515 [http-nio-9090-exec-2] INFO  c.s.e.s.s.FileServiceImpl - Blank cell
2023-03-16 12:31:32.515 [http-nio-9090-exec-2] INFO  c.s.e.s.s.FileServiceImpl - Blank cell
2023-03-16 12:31:32.515 [http-nio-9090-exec-2] INFO  c.s.e.s.s.FileServiceImpl - Blank cell
2023-03-16 12:31:32.515 [http-nio-9090-exec-2] INFO  c.s.e.s.s.FileServiceImpl - Blank cell
2023-03-16 12:31:32.516 [http-nio-9090-exec-2] INFO  c.s.e.s.s.FileServiceImpl - Blank cell
2023-03-16 12:31:32.516 [http-nio-9090-exec-2] INFO  c.s.e.s.s.FileServiceImpl - Blank cell
2023-03-16 12:31:32.516 [http-nio-9090-exec-2] INFO  c.s.e.s.s.FileServiceImpl - Blank cell
2023-03-16 12:31:32.516 [http-nio-9090-exec-2] INFO  c.s.e.s.s.FileServiceImpl - Blank cell
2023-03-16 12:31:32.516 [http-nio-9090-exec-2] INFO  c.s.e.s.s.FileServiceImpl - Blank cell
2023-03-16 12:31:32.516 [http-nio-9090-exec-2] INFO  c.s.e.s.s.FileServiceImpl - Blank cell
2023-03-16 12:31:32.517 [http-nio-9090-exec-2] INFO  c.s.e.s.s.FileServiceImpl - Blank cell
2023-03-16 12:31:32.517 [http-nio-9090-exec-2] INFO  c.s.e.s.s.FileServiceImpl - Blank cell
2023-03-16 12:31:32.517 [http-nio-9090-exec-2] INFO  c.s.e.s.s.FileServiceImpl - Blank cell
2023-03-16 12:31:32.517 [http-nio-9090-exec-2] INFO  c.s.e.s.s.FileServiceImpl - Blank cell
2023-03-16 12:31:32.517 [http-nio-9090-exec-2] INFO  c.s.e.s.s.FileServiceImpl - Blank cell
2023-03-16 12:31:32.517 [http-nio-9090-exec-2] INFO  c.s.e.s.s.FileServiceImpl - Blank cell
2023-03-16 12:31:32.517 [http-nio-9090-exec-2] INFO  c.s.e.s.s.FileServiceImpl - Blank cell
2023-03-16 12:31:32.518 [http-nio-9090-exec-2] INFO  c.s.e.s.s.FileServiceImpl - Blank cell
2023-03-16 12:31:32.518 [http-nio-9090-exec-2] INFO  c.s.e.s.s.FileServiceImpl - Blank cell
2023-03-16 12:31:32.518 [http-nio-9090-exec-2] INFO  c.s.e.s.s.FileServiceImpl - Blank cell
2023-03-16 12:31:32.518 [http-nio-9090-exec-2] INFO  c.s.e.s.s.FileServiceImpl - Blank cell
2023-03-16 12:31:32.518 [http-nio-9090-exec-2] INFO  c.s.e.s.s.FileServiceImpl - Blank cell
2023-03-16 12:31:32.518 [http-nio-9090-exec-2] INFO  c.s.e.s.s.FileServiceImpl - Blank cell
2023-03-16 12:31:32.518 [http-nio-9090-exec-2] INFO  c.s.e.s.s.FileServiceImpl - Blank cell
2023-03-16 12:31:32.518 [http-nio-9090-exec-2] INFO  c.s.e.s.s.FileServiceImpl - Blank cell
2023-03-16 12:31:32.519 [http-nio-9090-exec-2] INFO  c.s.e.s.s.FileServiceImpl - Blank cell
2023-03-16 12:31:32.519 [http-nio-9090-exec-2] INFO  c.s.e.s.s.FileServiceImpl - Blank cell
2023-03-16 12:31:32.519 [http-nio-9090-exec-2] INFO  c.s.e.s.s.FileServiceImpl - Blank cell
2023-03-16 12:31:32.519 [http-nio-9090-exec-2] INFO  c.s.e.s.s.FileServiceImpl - Blank cell
2023-03-16 12:31:32.519 [http-nio-9090-exec-2] INFO  c.s.e.s.s.FileServiceImpl - Blank cell
2023-03-16 12:31:32.519 [http-nio-9090-exec-2] INFO  c.s.e.s.s.FileServiceImpl - Blank cell
2023-03-16 12:31:32.519 [http-nio-9090-exec-2] INFO  c.s.e.s.s.FileServiceImpl - Blank cell
2023-03-16 12:31:32.519 [http-nio-9090-exec-2] INFO  c.s.e.s.s.FileServiceImpl - Blank cell
2023-03-16 12:31:32.520 [http-nio-9090-exec-2] INFO  c.s.e.s.s.FileServiceImpl - Blank cell
2023-03-16 12:31:32.520 [http-nio-9090-exec-2] INFO  c.s.e.s.s.FileServiceImpl - Blank cell
2023-03-16 12:31:32.520 [http-nio-9090-exec-2] INFO  c.s.e.s.s.FileServiceImpl - Blank cell
2023-03-16 12:31:32.520 [http-nio-9090-exec-2] INFO  c.s.e.s.s.FileServiceImpl - Blank cell
2023-03-16 12:31:32.520 [http-nio-9090-exec-2] INFO  c.s.e.s.s.FileServiceImpl - Blank cell
2023-03-16 12:31:32.520 [http-nio-9090-exec-2] INFO  c.s.e.s.s.FileServiceImpl - Blank cell
2023-03-16 12:31:32.520 [http-nio-9090-exec-2] INFO  c.s.e.s.s.FileServiceImpl - Blank cell
2023-03-16 12:31:32.520 [http-nio-9090-exec-2] INFO  c.s.e.s.s.FileServiceImpl - Blank cell
2023-03-16 12:31:32.520 [http-nio-9090-exec-2] INFO  c.s.e.s.s.FileServiceImpl - Blank cell
2023-03-16 12:31:32.521 [http-nio-9090-exec-2] INFO  c.s.e.s.s.FileServiceImpl - Blank cell
2023-03-16 12:31:32.521 [http-nio-9090-exec-2] INFO  c.s.e.s.s.FileServiceImpl - Blank cell
2023-03-16 12:31:32.521 [http-nio-9090-exec-2] INFO  c.s.e.s.s.FileServiceImpl - Blank cell
2023-03-16 12:31:32.521 [http-nio-9090-exec-2] INFO  c.s.e.s.s.FileServiceImpl - Blank cell
2023-03-16 12:31:32.521 [http-nio-9090-exec-2] INFO  c.s.e.s.s.FileServiceImpl - Blank cell
2023-03-16 12:31:32.521 [http-nio-9090-exec-2] INFO  c.s.e.s.s.FileServiceImpl - Blank cell
2023-03-16 12:31:32.521 [http-nio-9090-exec-2] INFO  c.s.e.s.s.FileServiceImpl - Blank cell
2023-03-16 12:31:32.521 [http-nio-9090-exec-2] INFO  c.s.e.s.s.FileServiceImpl - Blank cell
2023-03-16 12:31:32.522 [http-nio-9090-exec-2] INFO  c.s.e.s.s.FileServiceImpl - Blank cell
2023-03-16 12:31:32.522 [http-nio-9090-exec-2] INFO  c.s.e.s.s.FileServiceImpl - Blank cell
2023-03-16 12:31:32.524 [http-nio-9090-exec-2] INFO  c.s.e.s.s.FileServiceImpl - Blank cell
2023-03-16 12:31:32.524 [http-nio-9090-exec-2] INFO  c.s.e.s.s.FileServiceImpl - Blank cell
2023-03-16 12:31:32.525 [http-nio-9090-exec-2] INFO  c.s.e.s.s.FileServiceImpl - Blank cell
2023-03-16 12:31:32.525 [http-nio-9090-exec-2] INFO  c.s.e.s.s.FileServiceImpl - Blank cell
2023-03-16 12:31:32.525 [http-nio-9090-exec-2] INFO  c.s.e.s.s.FileServiceImpl - Blank cell
2023-03-16 12:31:32.525 [http-nio-9090-exec-2] INFO  c.s.e.s.s.FileServiceImpl - Blank cell
2023-03-16 12:31:32.525 [http-nio-9090-exec-2] INFO  c.s.e.s.s.FileServiceImpl - Blank cell
2023-03-16 12:31:32.525 [http-nio-9090-exec-2] INFO  c.s.e.s.s.FileServiceImpl - Blank cell
2023-03-16 12:31:32.525 [http-nio-9090-exec-2] INFO  c.s.e.s.s.FileServiceImpl - Blank cell
2023-03-16 12:31:32.525 [http-nio-9090-exec-2] INFO  c.s.e.s.s.FileServiceImpl - Blank cell
2023-03-16 12:31:32.525 [http-nio-9090-exec-2] INFO  c.s.e.s.s.FileServiceImpl - Blank cell
2023-03-16 12:31:32.526 [http-nio-9090-exec-2] INFO  c.s.e.s.s.FileServiceImpl - Blank cell
2023-03-16 12:31:32.526 [http-nio-9090-exec-2] INFO  c.s.e.s.s.FileServiceImpl - Blank cell
2023-03-16 12:31:32.526 [http-nio-9090-exec-2] INFO  c.s.e.s.s.FileServiceImpl - Blank cell
2023-03-16 12:31:32.526 [http-nio-9090-exec-2] INFO  c.s.e.s.s.FileServiceImpl - Blank cell
2023-03-16 12:31:32.526 [http-nio-9090-exec-2] INFO  c.s.e.s.s.FileServiceImpl - Blank cell
2023-03-16 12:31:32.526 [http-nio-9090-exec-2] INFO  c.s.e.s.s.FileServiceImpl - Blank cell
2023-03-16 12:31:32.526 [http-nio-9090-exec-2] INFO  c.s.e.s.s.FileServiceImpl - Blank cell
2023-03-16 12:31:32.527 [http-nio-9090-exec-2] INFO  c.s.e.s.s.FileServiceImpl - Blank cell
2023-03-16 12:31:32.527 [http-nio-9090-exec-2] INFO  c.s.e.s.s.FileServiceImpl - Blank cell
2023-03-16 12:31:32.527 [http-nio-9090-exec-2] INFO  c.s.e.s.s.FileServiceImpl - Blank cell
2023-03-16 12:31:32.527 [http-nio-9090-exec-2] INFO  c.s.e.s.s.FileServiceImpl - Blank cell
2023-03-16 12:31:32.527 [http-nio-9090-exec-2] INFO  c.s.e.s.s.FileServiceImpl - Blank cell
2023-03-16 12:31:32.527 [http-nio-9090-exec-2] INFO  c.s.e.s.s.FileServiceImpl - Blank cell
2023-03-16 12:31:32.527 [http-nio-9090-exec-2] INFO  c.s.e.s.s.FileServiceImpl - Blank cell
2023-03-16 12:31:32.527 [http-nio-9090-exec-2] INFO  c.s.e.s.s.FileServiceImpl - Blank cell
2023-03-16 12:31:32.527 [http-nio-9090-exec-2] INFO  c.s.e.s.s.FileServiceImpl - Blank cell
2023-03-16 12:31:32.527 [http-nio-9090-exec-2] INFO  c.s.e.s.s.FileServiceImpl - Blank cell
2023-03-16 12:31:32.527 [http-nio-9090-exec-2] INFO  c.s.e.s.s.FileServiceImpl - Blank cell
2023-03-16 12:31:32.528 [http-nio-9090-exec-2] INFO  c.s.e.s.s.FileServiceImpl - Blank cell
2023-03-16 12:31:32.528 [http-nio-9090-exec-2] INFO  c.s.e.s.s.FileServiceImpl - Blank cell
2023-03-16 12:31:32.528 [http-nio-9090-exec-2] INFO  c.s.e.s.s.FileServiceImpl - Blank cell
2023-03-16 12:33:43.315 [SpringApplicationShutdownHook] INFO  o.s.o.j.LocalContainerEntityManagerFactoryBean - Closing JPA EntityManagerFactory for persistence unit 'default'
2023-03-16 12:33:43.322 [SpringApplicationShutdownHook] INFO  com.zaxxer.hikari.HikariDataSource - HikariPool-1 - Shutdown initiated...
2023-03-16 12:33:43.335 [SpringApplicationShutdownHook] INFO  com.zaxxer.hikari.HikariDataSource - HikariPool-1 - Shutdown completed.
2023-03-16 12:33:49.796 [main] INFO  c.s.excel_work.ExcelWorkApplication - Starting ExcelWorkApplication using Java 17.0.1 with PID 4756 (D:\B2B\excel_work\target\classes started by himavanthp in D:\B2B\excel_work)
2023-03-16 12:33:49.800 [main] INFO  c.s.excel_work.ExcelWorkApplication - No active profile set, falling back to 1 default profile: "default"
2023-03-16 12:33:50.940 [main] INFO  o.s.d.r.c.RepositoryConfigurationDelegate - Bootstrapping Spring Data JPA repositories in DEFAULT mode.
2023-03-16 12:33:51.024 [main] INFO  o.s.d.r.c.RepositoryConfigurationDelegate - Finished Spring Data repository scanning in 71 ms. Found 2 JPA repository interfaces.
2023-03-16 12:33:51.925 [main] INFO  o.s.b.w.e.tomcat.TomcatWebServer - Tomcat initialized with port(s): 9090 (http)
2023-03-16 12:33:51.939 [main] INFO  o.a.catalina.core.StandardService - Starting service [Tomcat]
2023-03-16 12:33:51.939 [main] INFO  o.a.catalina.core.StandardEngine - Starting Servlet engine: [Apache Tomcat/10.1.5]
2023-03-16 12:33:52.115 [main] INFO  o.a.c.c.C.[Tomcat].[localhost].[/] - Initializing Spring embedded WebApplicationContext
2023-03-16 12:33:52.116 [main] INFO  o.s.b.w.s.c.ServletWebServerApplicationContext - Root WebApplicationContext: initialization completed in 2246 ms
2023-03-16 12:33:52.344 [main] INFO  o.h.jpa.internal.util.LogHelper - HHH000204: Processing PersistenceUnitInfo [name: default]
2023-03-16 12:33:52.405 [main] INFO  org.hibernate.Version - HHH000412: Hibernate ORM core version 6.1.7.Final
2023-03-16 12:33:52.744 [main] INFO  com.zaxxer.hikari.HikariDataSource - HikariPool-1 - Starting...
2023-03-16 12:33:53.020 [main] INFO  com.zaxxer.hikari.pool.HikariPool - HikariPool-1 - Added connection com.mysql.cj.jdbc.ConnectionImpl@58a7dc4
2023-03-16 12:33:53.023 [main] INFO  com.zaxxer.hikari.HikariDataSource - HikariPool-1 - Start completed.
2023-03-16 12:33:53.091 [main] INFO  SQL dialect - HHH000400: Using dialect: org.hibernate.dialect.MySQLDialect
2023-03-16 12:33:54.188 [main] INFO  o.h.e.t.j.p.i.JtaPlatformInitiator - HHH000490: Using JtaPlatform implementation: [org.hibernate.engine.transaction.jta.platform.internal.NoJtaPlatform]
2023-03-16 12:33:54.200 [main] INFO  o.s.o.j.LocalContainerEntityManagerFactoryBean - Initialized JPA EntityManagerFactory for persistence unit 'default'
2023-03-16 12:33:54.692 [main] WARN  o.s.b.a.o.j.JpaBaseConfiguration$JpaWebConfiguration - spring.jpa.open-in-view is enabled by default. Therefore, database queries may be performed during view rendering. Explicitly configure spring.jpa.open-in-view to disable this warning
2023-03-16 12:33:55.981 [main] INFO  o.s.b.w.e.tomcat.TomcatWebServer - Tomcat started on port(s): 9090 (http) with context path ''
2023-03-16 12:33:55.996 [main] INFO  c.s.excel_work.ExcelWorkApplication - Started ExcelWorkApplication in 6.786 seconds (process running for 7.325)
2023-03-16 13:51:22.321 [HikariPool-1 housekeeper] WARN  com.zaxxer.hikari.pool.HikariPool - HikariPool-1 - Thread starvation or clock leap detected (housekeeper delta=15m58s977ms264µs500ns).
2023-03-16 14:20:03.981 [SpringApplicationShutdownHook] INFO  o.s.o.j.LocalContainerEntityManagerFactoryBean - Closing JPA EntityManagerFactory for persistence unit 'default'
2023-03-16 14:20:03.984 [SpringApplicationShutdownHook] INFO  com.zaxxer.hikari.HikariDataSource - HikariPool-1 - Shutdown initiated...
2023-03-16 14:20:03.993 [SpringApplicationShutdownHook] INFO  com.zaxxer.hikari.HikariDataSource - HikariPool-1 - Shutdown completed.
2023-03-16 14:20:10.898 [main] INFO  c.s.excel_work.ExcelWorkApplication - Starting ExcelWorkApplication using Java 17.0.1 with PID 9176 (D:\B2B\excel_work\target\classes started by himavanthp in D:\B2B\excel_work)
2023-03-16 14:20:10.902 [main] INFO  c.s.excel_work.ExcelWorkApplication - No active profile set, falling back to 1 default profile: "default"
2023-03-16 14:20:12.117 [main] INFO  o.s.d.r.c.RepositoryConfigurationDelegate - Bootstrapping Spring Data JPA repositories in DEFAULT mode.
2023-03-16 14:20:12.216 [main] INFO  o.s.d.r.c.RepositoryConfigurationDelegate - Finished Spring Data repository scanning in 83 ms. Found 2 JPA repository interfaces.
2023-03-16 14:20:13.127 [main] INFO  o.s.b.w.e.tomcat.TomcatWebServer - Tomcat initialized with port(s): 9090 (http)
2023-03-16 14:20:13.139 [main] INFO  o.a.catalina.core.StandardService - Starting service [Tomcat]
2023-03-16 14:20:13.140 [main] INFO  o.a.catalina.core.StandardEngine - Starting Servlet engine: [Apache Tomcat/10.1.5]
2023-03-16 14:20:13.286 [main] INFO  o.a.c.c.C.[Tomcat].[localhost].[/] - Initializing Spring embedded WebApplicationContext
2023-03-16 14:20:13.287 [main] INFO  o.s.b.w.s.c.ServletWebServerApplicationContext - Root WebApplicationContext: initialization completed in 2265 ms
2023-03-16 14:20:13.501 [main] INFO  o.h.jpa.internal.util.LogHelper - HHH000204: Processing PersistenceUnitInfo [name: default]
2023-03-16 14:20:13.566 [main] INFO  org.hibernate.Version - HHH000412: Hibernate ORM core version 6.1.7.Final
2023-03-16 14:20:13.982 [main] INFO  com.zaxxer.hikari.HikariDataSource - HikariPool-1 - Starting...
2023-03-16 14:20:14.243 [main] INFO  com.zaxxer.hikari.pool.HikariPool - HikariPool-1 - Added connection com.mysql.cj.jdbc.ConnectionImpl@340afaf8
2023-03-16 14:20:14.246 [main] INFO  com.zaxxer.hikari.HikariDataSource - HikariPool-1 - Start completed.
2023-03-16 14:20:14.351 [main] INFO  SQL dialect - HHH000400: Using dialect: org.hibernate.dialect.MySQLDialect
2023-03-16 14:20:15.480 [main] INFO  o.h.e.t.j.p.i.JtaPlatformInitiator - HHH000490: Using JtaPlatform implementation: [org.hibernate.engine.transaction.jta.platform.internal.NoJtaPlatform]
2023-03-16 14:20:15.490 [main] INFO  o.s.o.j.LocalContainerEntityManagerFactoryBean - Initialized JPA EntityManagerFactory for persistence unit 'default'
2023-03-16 14:20:15.944 [main] WARN  o.s.b.a.o.j.JpaBaseConfiguration$JpaWebConfiguration - spring.jpa.open-in-view is enabled by default. Therefore, database queries may be performed during view rendering. Explicitly configure spring.jpa.open-in-view to disable this warning
2023-03-16 14:20:17.096 [main] INFO  o.s.b.w.e.tomcat.TomcatWebServer - Tomcat started on port(s): 9090 (http) with context path ''
2023-03-16 14:20:17.107 [main] INFO  c.s.excel_work.ExcelWorkApplication - Started ExcelWorkApplication in 6.849 seconds (process running for 7.454)
2023-03-16 14:20:24.745 [SpringApplicationShutdownHook] INFO  o.s.o.j.LocalContainerEntityManagerFactoryBean - Closing JPA EntityManagerFactory for persistence unit 'default'
2023-03-16 14:20:24.752 [SpringApplicationShutdownHook] INFO  com.zaxxer.hikari.HikariDataSource - HikariPool-1 - Shutdown initiated...
2023-03-16 14:20:24.765 [SpringApplicationShutdownHook] INFO  com.zaxxer.hikari.HikariDataSource - HikariPool-1 - Shutdown completed.
2023-03-16 14:20:28.444 [main] INFO  c.s.excel_work.ExcelWorkApplication - Starting ExcelWorkApplication using Java 17.0.1 with PID 9568 (D:\B2B\excel_work\target\classes started by himavanthp in D:\B2B\excel_work)
2023-03-16 14:20:28.448 [main] INFO  c.s.excel_work.ExcelWorkApplication - No active profile set, falling back to 1 default profile: "default"
2023-03-16 14:20:29.396 [main] INFO  o.s.d.r.c.RepositoryConfigurationDelegate - Bootstrapping Spring Data JPA repositories in DEFAULT mode.
2023-03-16 14:20:29.492 [main] INFO  o.s.d.r.c.RepositoryConfigurationDelegate - Finished Spring Data repository scanning in 78 ms. Found 2 JPA repository interfaces.
2023-03-16 14:20:30.332 [main] INFO  o.s.b.w.e.tomcat.TomcatWebServer - Tomcat initialized with port(s): 9090 (http)
2023-03-16 14:20:30.352 [main] INFO  o.a.catalina.core.StandardService - Starting service [Tomcat]
2023-03-16 14:20:30.353 [main] INFO  o.a.catalina.core.StandardEngine - Starting Servlet engine: [Apache Tomcat/10.1.5]
2023-03-16 14:20:30.510 [main] INFO  o.a.c.c.C.[Tomcat].[localhost].[/] - Initializing Spring embedded WebApplicationContext
2023-03-16 14:20:30.511 [main] INFO  o.s.b.w.s.c.ServletWebServerApplicationContext - Root WebApplicationContext: initialization completed in 1998 ms
2023-03-16 14:20:30.719 [main] INFO  o.h.jpa.internal.util.LogHelper - HHH000204: Processing PersistenceUnitInfo [name: default]
2023-03-16 14:20:30.781 [main] INFO  org.hibernate.Version - HHH000412: Hibernate ORM core version 6.1.7.Final
2023-03-16 14:20:31.104 [main] INFO  com.zaxxer.hikari.HikariDataSource - HikariPool-1 - Starting...
2023-03-16 14:20:31.357 [main] INFO  com.zaxxer.hikari.pool.HikariPool - HikariPool-1 - Added connection com.mysql.cj.jdbc.ConnectionImpl@58a7dc4
2023-03-16 14:20:31.359 [main] INFO  com.zaxxer.hikari.HikariDataSource - HikariPool-1 - Start completed.
2023-03-16 14:20:31.422 [main] INFO  SQL dialect - HHH000400: Using dialect: org.hibernate.dialect.MySQLDialect
2023-03-16 14:20:32.396 [main] INFO  o.h.e.t.j.p.i.JtaPlatformInitiator - HHH000490: Using JtaPlatform implementation: [org.hibernate.engine.transaction.jta.platform.internal.NoJtaPlatform]
2023-03-16 14:20:32.406 [main] INFO  o.s.o.j.LocalContainerEntityManagerFactoryBean - Initialized JPA EntityManagerFactory for persistence unit 'default'
2023-03-16 14:20:32.808 [main] WARN  o.s.b.a.o.j.JpaBaseConfiguration$JpaWebConfiguration - spring.jpa.open-in-view is enabled by default. Therefore, database queries may be performed during view rendering. Explicitly configure spring.jpa.open-in-view to disable this warning
2023-03-16 14:20:34.031 [main] INFO  o.s.b.w.e.tomcat.TomcatWebServer - Tomcat started on port(s): 9090 (http) with context path ''
2023-03-16 14:20:34.041 [main] INFO  c.s.excel_work.ExcelWorkApplication - Started ExcelWorkApplication in 6.149 seconds (process running for 6.681)
2023-03-16 14:20:37.812 [http-nio-9090-exec-1] INFO  o.a.c.c.C.[Tomcat].[localhost].[/] - Initializing Spring DispatcherServlet 'dispatcherServlet'
2023-03-16 14:20:37.813 [http-nio-9090-exec-1] INFO  o.s.web.servlet.DispatcherServlet - Initializing Servlet 'dispatcherServlet'
2023-03-16 14:20:37.814 [http-nio-9090-exec-1] INFO  o.s.web.servlet.DispatcherServlet - Completed initialization in 1 ms
2023-03-16 14:20:38.587 [http-nio-9090-exec-1] INFO  c.s.e.s.s.FileServiceImpl - Blank cell
2023-03-16 14:20:38.588 [http-nio-9090-exec-1] INFO  c.s.e.s.s.FileServiceImpl - Blank cell
2023-03-16 14:20:38.588 [http-nio-9090-exec-1] INFO  c.s.e.s.s.FileServiceImpl - Blank cell
2023-03-16 14:20:38.589 [http-nio-9090-exec-1] INFO  c.s.e.s.s.FileServiceImpl - Blank cell
2023-03-16 14:20:38.589 [http-nio-9090-exec-1] INFO  c.s.e.s.s.FileServiceImpl - Blank cell
2023-03-16 14:20:38.589 [http-nio-9090-exec-1] INFO  c.s.e.s.s.FileServiceImpl - Blank cell
2023-03-16 14:20:38.591 [http-nio-9090-exec-1] INFO  c.s.e.s.s.FileServiceImpl - Blank cell
2023-03-16 14:20:38.591 [http-nio-9090-exec-1] INFO  c.s.e.s.s.FileServiceImpl - Blank cell
2023-03-16 14:20:38.591 [http-nio-9090-exec-1] INFO  c.s.e.s.s.FileServiceImpl - Blank cell
2023-03-16 14:20:38.592 [http-nio-9090-exec-1] INFO  c.s.e.s.s.FileServiceImpl - Blank cell
2023-03-16 14:20:38.592 [http-nio-9090-exec-1] INFO  c.s.e.s.s.FileServiceImpl - Blank cell
2023-03-16 14:20:38.592 [http-nio-9090-exec-1] INFO  c.s.e.s.s.FileServiceImpl - Blank cell
2023-03-16 14:20:38.592 [http-nio-9090-exec-1] INFO  c.s.e.s.s.FileServiceImpl - Blank cell
2023-03-16 14:20:38.592 [http-nio-9090-exec-1] INFO  c.s.e.s.s.FileServiceImpl - Blank cell
2023-03-16 14:20:38.593 [http-nio-9090-exec-1] INFO  c.s.e.s.s.FileServiceImpl - Blank cell
2023-03-16 14:20:38.593 [http-nio-9090-exec-1] INFO  c.s.e.s.s.FileServiceImpl - Blank cell
2023-03-16 14:20:38.593 [http-nio-9090-exec-1] INFO  c.s.e.s.s.FileServiceImpl - Blank cell
2023-03-16 14:20:38.593 [http-nio-9090-exec-1] INFO  c.s.e.s.s.FileServiceImpl - Blank cell
2023-03-16 14:20:38.594 [http-nio-9090-exec-1] INFO  c.s.e.s.s.FileServiceImpl - Blank cell
2023-03-16 14:20:38.594 [http-nio-9090-exec-1] INFO  c.s.e.s.s.FileServiceImpl - Blank cell
2023-03-16 14:20:38.594 [http-nio-9090-exec-1] INFO  c.s.e.s.s.FileServiceImpl - Blank cell
2023-03-16 14:20:38.594 [http-nio-9090-exec-1] INFO  c.s.e.s.s.FileServiceImpl - Blank cell
2023-03-16 14:20:38.594 [http-nio-9090-exec-1] INFO  c.s.e.s.s.FileServiceImpl - Blank cell
2023-03-16 14:20:38.594 [http-nio-9090-exec-1] INFO  c.s.e.s.s.FileServiceImpl - Blank cell
2023-03-16 14:20:38.594 [http-nio-9090-exec-1] INFO  c.s.e.s.s.FileServiceImpl - Blank cell
2023-03-16 14:20:38.594 [http-nio-9090-exec-1] INFO  c.s.e.s.s.FileServiceImpl - Blank cell
2023-03-16 14:20:38.595 [http-nio-9090-exec-1] INFO  c.s.e.s.s.FileServiceImpl - Blank cell
2023-03-16 14:20:38.595 [http-nio-9090-exec-1] INFO  c.s.e.s.s.FileServiceImpl - Blank cell
2023-03-16 14:20:38.595 [http-nio-9090-exec-1] INFO  c.s.e.s.s.FileServiceImpl - Blank cell
2023-03-16 14:20:38.595 [http-nio-9090-exec-1] INFO  c.s.e.s.s.FileServiceImpl - Blank cell
2023-03-16 14:20:38.595 [http-nio-9090-exec-1] INFO  c.s.e.s.s.FileServiceImpl - Blank cell
2023-03-16 14:20:38.595 [http-nio-9090-exec-1] INFO  c.s.e.s.s.FileServiceImpl - Blank cell
2023-03-16 14:20:38.595 [http-nio-9090-exec-1] INFO  c.s.e.s.s.FileServiceImpl - Blank cell
2023-03-16 14:20:38.596 [http-nio-9090-exec-1] INFO  c.s.e.s.s.FileServiceImpl - Blank cell
2023-03-16 14:20:38.596 [http-nio-9090-exec-1] INFO  c.s.e.s.s.FileServiceImpl - Blank cell
2023-03-16 14:20:38.596 [http-nio-9090-exec-1] INFO  c.s.e.s.s.FileServiceImpl - Blank cell
2023-03-16 14:20:38.596 [http-nio-9090-exec-1] INFO  c.s.e.s.s.FileServiceImpl - Blank cell
2023-03-16 14:20:38.596 [http-nio-9090-exec-1] INFO  c.s.e.s.s.FileServiceImpl - Blank cell
2023-03-16 14:20:38.596 [http-nio-9090-exec-1] INFO  c.s.e.s.s.FileServiceImpl - Blank cell
2023-03-16 14:20:38.596 [http-nio-9090-exec-1] INFO  c.s.e.s.s.FileServiceImpl - Blank cell
2023-03-16 14:20:38.596 [http-nio-9090-exec-1] INFO  c.s.e.s.s.FileServiceImpl - Blank cell
2023-03-16 14:20:38.597 [http-nio-9090-exec-1] INFO  c.s.e.s.s.FileServiceImpl - Blank cell
2023-03-16 14:20:38.597 [http-nio-9090-exec-1] INFO  c.s.e.s.s.FileServiceImpl - Blank cell
2023-03-16 14:20:38.597 [http-nio-9090-exec-1] INFO  c.s.e.s.s.FileServiceImpl - Blank cell
2023-03-16 14:20:38.597 [http-nio-9090-exec-1] INFO  c.s.e.s.s.FileServiceImpl - Blank cell
2023-03-16 14:20:38.597 [http-nio-9090-exec-1] INFO  c.s.e.s.s.FileServiceImpl - Blank cell
2023-03-16 14:20:38.597 [http-nio-9090-exec-1] INFO  c.s.e.s.s.FileServiceImpl - Blank cell
2023-03-16 14:20:38.597 [http-nio-9090-exec-1] INFO  c.s.e.s.s.FileServiceImpl - Blank cell
2023-03-16 14:20:38.597 [http-nio-9090-exec-1] INFO  c.s.e.s.s.FileServiceImpl - Blank cell
2023-03-16 14:20:38.598 [http-nio-9090-exec-1] INFO  c.s.e.s.s.FileServiceImpl - Blank cell
2023-03-16 14:20:38.598 [http-nio-9090-exec-1] INFO  c.s.e.s.s.FileServiceImpl - Blank cell
2023-03-16 14:20:38.598 [http-nio-9090-exec-1] INFO  c.s.e.s.s.FileServiceImpl - Blank cell
2023-03-16 14:20:38.598 [http-nio-9090-exec-1] INFO  c.s.e.s.s.FileServiceImpl - Blank cell
2023-03-16 14:20:38.598 [http-nio-9090-exec-1] INFO  c.s.e.s.s.FileServiceImpl - Blank cell
2023-03-16 14:20:38.598 [http-nio-9090-exec-1] INFO  c.s.e.s.s.FileServiceImpl - Blank cell
2023-03-16 14:20:38.598 [http-nio-9090-exec-1] INFO  c.s.e.s.s.FileServiceImpl - Blank cell
2023-03-16 14:20:38.598 [http-nio-9090-exec-1] INFO  c.s.e.s.s.FileServiceImpl - Blank cell
2023-03-16 14:20:38.599 [http-nio-9090-exec-1] INFO  c.s.e.s.s.FileServiceImpl - Blank cell
2023-03-16 14:20:38.599 [http-nio-9090-exec-1] INFO  c.s.e.s.s.FileServiceImpl - Blank cell
2023-03-16 14:20:38.599 [http-nio-9090-exec-1] INFO  c.s.e.s.s.FileServiceImpl - Blank cell
2023-03-16 14:20:38.599 [http-nio-9090-exec-1] INFO  c.s.e.s.s.FileServiceImpl - Blank cell
2023-03-16 14:20:38.599 [http-nio-9090-exec-1] INFO  c.s.e.s.s.FileServiceImpl - Blank cell
2023-03-16 14:20:38.599 [http-nio-9090-exec-1] INFO  c.s.e.s.s.FileServiceImpl - Blank cell
2023-03-16 14:20:38.599 [http-nio-9090-exec-1] INFO  c.s.e.s.s.FileServiceImpl - Blank cell
2023-03-16 14:20:38.599 [http-nio-9090-exec-1] INFO  c.s.e.s.s.FileServiceImpl - Blank cell
2023-03-16 14:20:38.599 [http-nio-9090-exec-1] INFO  c.s.e.s.s.FileServiceImpl - Blank cell
2023-03-16 14:20:38.600 [http-nio-9090-exec-1] INFO  c.s.e.s.s.FileServiceImpl - Blank cell
2023-03-16 14:20:38.600 [http-nio-9090-exec-1] INFO  c.s.e.s.s.FileServiceImpl - Blank cell
2023-03-16 14:20:38.600 [http-nio-9090-exec-1] INFO  c.s.e.s.s.FileServiceImpl - Blank cell
2023-03-16 14:20:38.600 [http-nio-9090-exec-1] INFO  c.s.e.s.s.FileServiceImpl - Blank cell
2023-03-16 14:20:38.600 [http-nio-9090-exec-1] INFO  c.s.e.s.s.FileServiceImpl - Blank cell
2023-03-16 14:20:38.600 [http-nio-9090-exec-1] INFO  c.s.e.s.s.FileServiceImpl - Blank cell
2023-03-16 14:20:38.600 [http-nio-9090-exec-1] INFO  c.s.e.s.s.FileServiceImpl - Blank cell
2023-03-16 14:20:38.600 [http-nio-9090-exec-1] INFO  c.s.e.s.s.FileServiceImpl - Blank cell
2023-03-16 14:20:38.601 [http-nio-9090-exec-1] INFO  c.s.e.s.s.FileServiceImpl - Blank cell
2023-03-16 14:20:38.601 [http-nio-9090-exec-1] INFO  c.s.e.s.s.FileServiceImpl - Blank cell
2023-03-16 14:20:38.601 [http-nio-9090-exec-1] INFO  c.s.e.s.s.FileServiceImpl - Blank cell
2023-03-16 14:20:38.601 [http-nio-9090-exec-1] INFO  c.s.e.s.s.FileServiceImpl - Blank cell
2023-03-16 14:20:38.601 [http-nio-9090-exec-1] INFO  c.s.e.s.s.FileServiceImpl - Blank cell
2023-03-16 14:20:38.601 [http-nio-9090-exec-1] INFO  c.s.e.s.s.FileServiceImpl - Blank cell
2023-03-16 14:20:38.601 [http-nio-9090-exec-1] INFO  c.s.e.s.s.FileServiceImpl - Blank cell
2023-03-16 14:20:38.601 [http-nio-9090-exec-1] INFO  c.s.e.s.s.FileServiceImpl - Blank cell
2023-03-16 14:20:38.601 [http-nio-9090-exec-1] INFO  c.s.e.s.s.FileServiceImpl - Blank cell
2023-03-16 14:20:38.601 [http-nio-9090-exec-1] INFO  c.s.e.s.s.FileServiceImpl - Blank cell
2023-03-16 14:20:38.602 [http-nio-9090-exec-1] INFO  c.s.e.s.s.FileServiceImpl - Blank cell
2023-03-16 14:20:38.602 [http-nio-9090-exec-1] INFO  c.s.e.s.s.FileServiceImpl - Blank cell
2023-03-16 14:20:38.602 [http-nio-9090-exec-1] INFO  c.s.e.s.s.FileServiceImpl - Blank cell
2023-03-16 14:20:38.602 [http-nio-9090-exec-1] INFO  c.s.e.s.s.FileServiceImpl - Blank cell
2023-03-16 14:20:38.602 [http-nio-9090-exec-1] INFO  c.s.e.s.s.FileServiceImpl - Blank cell
2023-03-16 14:20:38.602 [http-nio-9090-exec-1] INFO  c.s.e.s.s.FileServiceImpl - Blank cell
2023-03-16 14:20:38.603 [http-nio-9090-exec-1] INFO  c.s.e.s.s.FileServiceImpl - Blank cell
2023-03-16 14:20:38.603 [http-nio-9090-exec-1] INFO  c.s.e.s.s.FileServiceImpl - Blank cell
2023-03-16 14:20:38.603 [http-nio-9090-exec-1] INFO  c.s.e.s.s.FileServiceImpl - Blank cell
2023-03-16 14:20:38.603 [http-nio-9090-exec-1] INFO  c.s.e.s.s.FileServiceImpl - Blank cell
2023-03-16 14:20:38.603 [http-nio-9090-exec-1] INFO  c.s.e.s.s.FileServiceImpl - Blank cell
2023-03-16 14:20:38.603 [http-nio-9090-exec-1] INFO  c.s.e.s.s.FileServiceImpl - Blank cell
2023-03-16 14:20:38.603 [http-nio-9090-exec-1] INFO  c.s.e.s.s.FileServiceImpl - Blank cell
2023-03-16 14:20:38.603 [http-nio-9090-exec-1] INFO  c.s.e.s.s.FileServiceImpl - Blank cell
2023-03-16 14:20:38.604 [http-nio-9090-exec-1] INFO  c.s.e.s.s.FileServiceImpl - Blank cell
2023-03-16 14:20:38.604 [http-nio-9090-exec-1] INFO  c.s.e.s.s.FileServiceImpl - Blank cell
2023-03-16 14:20:38.604 [http-nio-9090-exec-1] INFO  c.s.e.s.s.FileServiceImpl - Blank cell
2023-03-16 14:20:38.604 [http-nio-9090-exec-1] INFO  c.s.e.s.s.FileServiceImpl - Blank cell
2023-03-16 14:20:38.604 [http-nio-9090-exec-1] INFO  c.s.e.s.s.FileServiceImpl - Blank cell
2023-03-16 14:20:38.604 [http-nio-9090-exec-1] INFO  c.s.e.s.s.FileServiceImpl - Blank cell
2023-03-16 14:20:38.605 [http-nio-9090-exec-1] INFO  c.s.e.s.s.FileServiceImpl - Blank cell
2023-03-16 14:20:38.605 [http-nio-9090-exec-1] INFO  c.s.e.s.s.FileServiceImpl - Blank cell
2023-03-16 14:21:08.925 [http-nio-9090-exec-3] INFO  c.s.e.s.s.FileServiceImpl - Blank cell
2023-03-16 14:21:08.926 [http-nio-9090-exec-3] INFO  c.s.e.s.s.FileServiceImpl - Blank cell
2023-03-16 14:21:08.927 [http-nio-9090-exec-3] INFO  c.s.e.s.s.FileServiceImpl - Blank cell
2023-03-16 14:21:08.927 [http-nio-9090-exec-3] INFO  c.s.e.s.s.FileServiceImpl - Blank cell
2023-03-16 14:21:08.927 [http-nio-9090-exec-3] INFO  c.s.e.s.s.FileServiceImpl - Blank cell
2023-03-16 14:21:08.927 [http-nio-9090-exec-3] INFO  c.s.e.s.s.FileServiceImpl - Blank cell
2023-03-16 14:21:08.927 [http-nio-9090-exec-3] INFO  c.s.e.s.s.FileServiceImpl - Blank cell
2023-03-16 14:21:08.927 [http-nio-9090-exec-3] INFO  c.s.e.s.s.FileServiceImpl - Blank cell
2023-03-16 14:21:08.928 [http-nio-9090-exec-3] INFO  c.s.e.s.s.FileServiceImpl - Blank cell
2023-03-16 14:21:08.928 [http-nio-9090-exec-3] INFO  c.s.e.s.s.FileServiceImpl - Blank cell
2023-03-16 14:21:08.928 [http-nio-9090-exec-3] INFO  c.s.e.s.s.FileServiceImpl - Blank cell
2023-03-16 14:21:08.928 [http-nio-9090-exec-3] INFO  c.s.e.s.s.FileServiceImpl - Blank cell
2023-03-16 14:21:08.928 [http-nio-9090-exec-3] INFO  c.s.e.s.s.FileServiceImpl - Blank cell
2023-03-16 14:21:08.928 [http-nio-9090-exec-3] INFO  c.s.e.s.s.FileServiceImpl - Blank cell
2023-03-16 14:21:08.929 [http-nio-9090-exec-3] INFO  c.s.e.s.s.FileServiceImpl - Blank cell
2023-03-16 14:21:08.935 [http-nio-9090-exec-3] INFO  c.s.e.s.s.FileServiceImpl - Blank cell
2023-03-16 14:21:08.936 [http-nio-9090-exec-3] INFO  c.s.e.s.s.FileServiceImpl - Blank cell
2023-03-16 14:21:08.936 [http-nio-9090-exec-3] INFO  c.s.e.s.s.FileServiceImpl - Blank cell
2023-03-16 14:21:08.936 [http-nio-9090-exec-3] INFO  c.s.e.s.s.FileServiceImpl - Blank cell
2023-03-16 14:21:08.936 [http-nio-9090-exec-3] INFO  c.s.e.s.s.FileServiceImpl - Blank cell
2023-03-16 14:21:08.937 [http-nio-9090-exec-3] INFO  c.s.e.s.s.FileServiceImpl - Blank cell
2023-03-16 14:21:08.937 [http-nio-9090-exec-3] INFO  c.s.e.s.s.FileServiceImpl - Blank cell
2023-03-16 14:21:08.937 [http-nio-9090-exec-3] INFO  c.s.e.s.s.FileServiceImpl - Blank cell
2023-03-16 14:21:08.937 [http-nio-9090-exec-3] INFO  c.s.e.s.s.FileServiceImpl - Blank cell
2023-03-16 14:21:08.937 [http-nio-9090-exec-3] INFO  c.s.e.s.s.FileServiceImpl - Blank cell
2023-03-16 14:21:08.937 [http-nio-9090-exec-3] INFO  c.s.e.s.s.FileServiceImpl - Blank cell
2023-03-16 14:21:08.937 [http-nio-9090-exec-3] INFO  c.s.e.s.s.FileServiceImpl - Blank cell
2023-03-16 14:21:08.938 [http-nio-9090-exec-3] INFO  c.s.e.s.s.FileServiceImpl - Blank cell
2023-03-16 14:21:08.938 [http-nio-9090-exec-3] INFO  c.s.e.s.s.FileServiceImpl - Blank cell
2023-03-16 14:21:08.938 [http-nio-9090-exec-3] INFO  c.s.e.s.s.FileServiceImpl - Blank cell
2023-03-16 14:21:08.938 [http-nio-9090-exec-3] INFO  c.s.e.s.s.FileServiceImpl - Blank cell
2023-03-16 14:21:08.938 [http-nio-9090-exec-3] INFO  c.s.e.s.s.FileServiceImpl - Blank cell
2023-03-16 14:21:08.938 [http-nio-9090-exec-3] INFO  c.s.e.s.s.FileServiceImpl - Blank cell
2023-03-16 14:21:08.939 [http-nio-9090-exec-3] INFO  c.s.e.s.s.FileServiceImpl - Blank cell
2023-03-16 14:21:08.939 [http-nio-9090-exec-3] INFO  c.s.e.s.s.FileServiceImpl - Blank cell
2023-03-16 14:21:08.939 [http-nio-9090-exec-3] INFO  c.s.e.s.s.FileServiceImpl - Blank cell
2023-03-16 14:21:08.939 [http-nio-9090-exec-3] INFO  c.s.e.s.s.FileServiceImpl - Blank cell
2023-03-16 14:21:08.939 [http-nio-9090-exec-3] INFO  c.s.e.s.s.FileServiceImpl - Blank cell
2023-03-16 14:21:08.939 [http-nio-9090-exec-3] INFO  c.s.e.s.s.FileServiceImpl - Blank cell
2023-03-16 14:21:08.939 [http-nio-9090-exec-3] INFO  c.s.e.s.s.FileServiceImpl - Blank cell
2023-03-16 14:21:08.940 [http-nio-9090-exec-3] INFO  c.s.e.s.s.FileServiceImpl - Blank cell
2023-03-16 14:21:08.940 [http-nio-9090-exec-3] INFO  c.s.e.s.s.FileServiceImpl - Blank cell
2023-03-16 14:21:08.940 [http-nio-9090-exec-3] INFO  c.s.e.s.s.FileServiceImpl - Blank cell
2023-03-16 14:21:08.940 [http-nio-9090-exec-3] INFO  c.s.e.s.s.FileServiceImpl - Blank cell
2023-03-16 14:21:08.940 [http-nio-9090-exec-3] INFO  c.s.e.s.s.FileServiceImpl - Blank cell
2023-03-16 14:21:08.940 [http-nio-9090-exec-3] INFO  c.s.e.s.s.FileServiceImpl - Blank cell
2023-03-16 14:21:08.940 [http-nio-9090-exec-3] INFO  c.s.e.s.s.FileServiceImpl - Blank cell
2023-03-16 14:21:08.941 [http-nio-9090-exec-3] INFO  c.s.e.s.s.FileServiceImpl - Blank cell
2023-03-16 14:21:08.941 [http-nio-9090-exec-3] INFO  c.s.e.s.s.FileServiceImpl - Blank cell
2023-03-16 14:21:08.941 [http-nio-9090-exec-3] INFO  c.s.e.s.s.FileServiceImpl - Blank cell
2023-03-16 14:21:08.941 [http-nio-9090-exec-3] INFO  c.s.e.s.s.FileServiceImpl - Blank cell
2023-03-16 14:21:08.941 [http-nio-9090-exec-3] INFO  c.s.e.s.s.FileServiceImpl - Blank cell
2023-03-16 14:21:08.941 [http-nio-9090-exec-3] INFO  c.s.e.s.s.FileServiceImpl - Blank cell
2023-03-16 14:21:08.941 [http-nio-9090-exec-3] INFO  c.s.e.s.s.FileServiceImpl - Blank cell
2023-03-16 14:21:08.942 [http-nio-9090-exec-3] INFO  c.s.e.s.s.FileServiceImpl - Blank cell
2023-03-16 14:21:08.942 [http-nio-9090-exec-3] INFO  c.s.e.s.s.FileServiceImpl - Blank cell
2023-03-16 14:21:08.942 [http-nio-9090-exec-3] INFO  c.s.e.s.s.FileServiceImpl - Blank cell
2023-03-16 14:21:08.942 [http-nio-9090-exec-3] INFO  c.s.e.s.s.FileServiceImpl - Blank cell
2023-03-16 14:21:08.942 [http-nio-9090-exec-3] INFO  c.s.e.s.s.FileServiceImpl - Blank cell
2023-03-16 14:21:08.942 [http-nio-9090-exec-3] INFO  c.s.e.s.s.FileServiceImpl - Blank cell
2023-03-16 14:21:08.942 [http-nio-9090-exec-3] INFO  c.s.e.s.s.FileServiceImpl - Blank cell
2023-03-16 14:21:08.942 [http-nio-9090-exec-3] INFO  c.s.e.s.s.FileServiceImpl - Blank cell
2023-03-16 14:21:08.943 [http-nio-9090-exec-3] INFO  c.s.e.s.s.FileServiceImpl - Blank cell
2023-03-16 14:21:08.943 [http-nio-9090-exec-3] INFO  c.s.e.s.s.FileServiceImpl - Blank cell
2023-03-16 14:21:08.943 [http-nio-9090-exec-3] INFO  c.s.e.s.s.FileServiceImpl - Blank cell
2023-03-16 14:21:08.943 [http-nio-9090-exec-3] INFO  c.s.e.s.s.FileServiceImpl - Blank cell
2023-03-16 14:21:08.943 [http-nio-9090-exec-3] INFO  c.s.e.s.s.FileServiceImpl - Blank cell
2023-03-16 14:21:08.943 [http-nio-9090-exec-3] INFO  c.s.e.s.s.FileServiceImpl - Blank cell
2023-03-16 14:21:08.944 [http-nio-9090-exec-3] INFO  c.s.e.s.s.FileServiceImpl - Blank cell
2023-03-16 14:21:08.944 [http-nio-9090-exec-3] INFO  c.s.e.s.s.FileServiceImpl - Blank cell
2023-03-16 14:21:08.944 [http-nio-9090-exec-3] INFO  c.s.e.s.s.FileServiceImpl - Blank cell
2023-03-16 14:21:08.944 [http-nio-9090-exec-3] INFO  c.s.e.s.s.FileServiceImpl - Blank cell
2023-03-16 14:21:08.944 [http-nio-9090-exec-3] INFO  c.s.e.s.s.FileServiceImpl - Blank cell
2023-03-16 14:21:08.944 [http-nio-9090-exec-3] INFO  c.s.e.s.s.FileServiceImpl - Blank cell
2023-03-16 14:21:08.944 [http-nio-9090-exec-3] INFO  c.s.e.s.s.FileServiceImpl - Blank cell
2023-03-16 14:21:08.944 [http-nio-9090-exec-3] INFO  c.s.e.s.s.FileServiceImpl - Blank cell
2023-03-16 14:21:08.945 [http-nio-9090-exec-3] INFO  c.s.e.s.s.FileServiceImpl - Blank cell
2023-03-16 14:21:08.945 [http-nio-9090-exec-3] INFO  c.s.e.s.s.FileServiceImpl - Blank cell
2023-03-16 14:21:08.945 [http-nio-9090-exec-3] INFO  c.s.e.s.s.FileServiceImpl - Blank cell
2023-03-16 14:21:08.945 [http-nio-9090-exec-3] INFO  c.s.e.s.s.FileServiceImpl - Blank cell
2023-03-16 14:21:08.945 [http-nio-9090-exec-3] INFO  c.s.e.s.s.FileServiceImpl - Blank cell
2023-03-16 14:21:08.945 [http-nio-9090-exec-3] INFO  c.s.e.s.s.FileServiceImpl - Blank cell
2023-03-16 14:21:08.946 [http-nio-9090-exec-3] INFO  c.s.e.s.s.FileServiceImpl - Blank cell
2023-03-16 14:21:08.946 [http-nio-9090-exec-3] INFO  c.s.e.s.s.FileServiceImpl - Blank cell
2023-03-16 14:21:08.948 [http-nio-9090-exec-3] INFO  c.s.e.s.s.FileServiceImpl - Blank cell
2023-03-16 14:21:08.949 [http-nio-9090-exec-3] INFO  c.s.e.s.s.FileServiceImpl - Blank cell
2023-03-16 14:21:08.949 [http-nio-9090-exec-3] INFO  c.s.e.s.s.FileServiceImpl - Blank cell
2023-03-16 14:21:08.949 [http-nio-9090-exec-3] INFO  c.s.e.s.s.FileServiceImpl - Blank cell
2023-03-16 14:21:08.949 [http-nio-9090-exec-3] INFO  c.s.e.s.s.FileServiceImpl - Blank cell
2023-03-16 14:21:08.949 [http-nio-9090-exec-3] INFO  c.s.e.s.s.FileServiceImpl - Blank cell
2023-03-16 14:21:08.949 [http-nio-9090-exec-3] INFO  c.s.e.s.s.FileServiceImpl - Blank cell
2023-03-16 14:21:08.949 [http-nio-9090-exec-3] INFO  c.s.e.s.s.FileServiceImpl - Blank cell
2023-03-16 14:21:08.949 [http-nio-9090-exec-3] INFO  c.s.e.s.s.FileServiceImpl - Blank cell
2023-03-16 14:21:08.950 [http-nio-9090-exec-3] INFO  c.s.e.s.s.FileServiceImpl - Blank cell
2023-03-16 14:21:08.950 [http-nio-9090-exec-3] INFO  c.s.e.s.s.FileServiceImpl - Blank cell
2023-03-16 14:21:08.950 [http-nio-9090-exec-3] INFO  c.s.e.s.s.FileServiceImpl - Blank cell
2023-03-16 14:21:08.950 [http-nio-9090-exec-3] INFO  c.s.e.s.s.FileServiceImpl - Blank cell
2023-03-16 14:21:08.950 [http-nio-9090-exec-3] INFO  c.s.e.s.s.FileServiceImpl - Blank cell
2023-03-16 14:21:08.950 [http-nio-9090-exec-3] INFO  c.s.e.s.s.FileServiceImpl - Blank cell
2023-03-16 14:21:08.950 [http-nio-9090-exec-3] INFO  c.s.e.s.s.FileServiceImpl - Blank cell
2023-03-16 14:21:08.950 [http-nio-9090-exec-3] INFO  c.s.e.s.s.FileServiceImpl - Blank cell
2023-03-16 14:21:08.950 [http-nio-9090-exec-3] INFO  c.s.e.s.s.FileServiceImpl - Blank cell
2023-03-16 14:21:08.950 [http-nio-9090-exec-3] INFO  c.s.e.s.s.FileServiceImpl - Blank cell
2023-03-16 14:21:08.951 [http-nio-9090-exec-3] INFO  c.s.e.s.s.FileServiceImpl - Blank cell
2023-03-16 14:21:08.951 [http-nio-9090-exec-3] INFO  c.s.e.s.s.FileServiceImpl - Blank cell
2023-03-16 14:21:08.951 [http-nio-9090-exec-3] INFO  c.s.e.s.s.FileServiceImpl - Blank cell
